[2024-11-28T18:47:09.798521+01:00] name.INFO: Se ha guardado una imagen: evento1.jpg [] []
[2024-11-29T12:17:01.486365+01:00] name.WARNING: Se ha creado el usuario: admin [] []
[2024-11-29T12:26:00.956410+01:00] name.WARNING: Se ha creado el usuario: antonio [] []
[2025-01-29T11:46:10.369230+01:00] name.WARNING: Se ha creado el usuario: antonio1 [] []
[2025-01-29T12:16:53.656496+01:00] name.WARNING: Se ha guardado una imagen: Captura de pantalla 2024-11-20 123203.png [] []
[2025-01-29T12:40:36.988075+01:00] name.WARNING: Se ha guardado una imagen: Captura de pantalla 2024-11-20 123203.png [] []
[2025-01-31T11:15:37.941700+01:00] name.WARNING: Se ha guardado una imagen: 1366_2000.jpeg [] []
[2025-01-31T11:15:58.730118+01:00] name.WARNING: Se ha guardado una imagen: xr4-1.jpg [] []
[2025-01-31T11:30:04.792552+01:00] name.WARNING: Se ha guardado una imagen: images.jpg [] []
[2025-01-31T11:50:59.456919+01:00] name.WARNING: Se ha creado el usuario: antonio2 [] []
[2025-01-31T11:55:57.410754+01:00] name.WARNING: Se ha guardado una imagen: xr4-1.jpg [] []
[2025-02-03T11:44:34.630428+01:00] name.WARNING: Se ha creado el usuario: antonio [] []
[2025-02-03T11:49:17.008680+01:00] name.WARNING: Se ha guardado una imagen: xr4-1.jpg [] []
[2025-02-03T12:59:01.242448+01:00] name.WARNING: Se ha creado el usuario: antonio2 [] []
[2025-02-03T12:59:30.837526+01:00] name.WARNING: Se ha guardado una imagen: xr4-1.jpg [] []
[2025-02-03T13:00:39.209365+01:00] name.WARNING: Se ha creado el usuario: antonio [] []
[2025-02-03T13:01:08.045057+01:00] name.WARNING: Se ha guardado una imagen: xr4-1.jpg [] []
[2025-02-03T13:14:01.328612+01:00] name.WARNING: Se ha guardado una imagen: xr4-1.jpg [] []
[2025-02-03T13:20:39.806668+01:00] name.WARNING: Se ha guardado una imagen: xr4-1.jpg [] []
[2025-02-03T13:23:28.521879+01:00] name.WARNING: Se ha guardado una imagen: xr4-1.jpg [] []
[2025-02-03T13:25:17.233679+01:00] name.WARNING: Se ha guardado una imagen: xr4-1.jpg [] []
[2025-02-03T13:27:22.167416+01:00] name.WARNING: Se ha guardado una imagen: xr4-1.jpg [] []
[2025-02-03T13:37:46.150416+01:00] name.WARNING: Se ha guardado una imagen: xr4-1.jpg [] []
[2025-02-03T13:39:49.050753+01:00] name.WARNING: Se ha guardado una imagen: xr4-1.jpg [] []
[2025-02-03T13:41:44.155968+01:00] name.WARNING: Se ha guardado una imagen: xr4-1.jpg [] []
[2025-02-03T13:43:45.832973+01:00] name.WARNING: Se ha guardado una imagen: xr4-1.jpg [] []
[2025-02-03T13:50:02.080650+01:00] name.WARNING: Se ha guardado una imagen: xr4-1.jpg [] []
[2025-02-03T14:04:26.947251+01:00] name.WARNING: Se ha borrado la imagen: xr4-1.jpg [] []
[2025-02-03T14:05:24.981335+01:00] name.WARNING: Se ha guardado una imagen: xr4-1.jpg [] []
[2025-02-03T14:06:19.601401+01:00] name.WARNING: Se ha borrado la imagen: xr4-1.jpg [] []
[2025-02-03T14:09:51.212217+01:00] name.WARNING: Se ha guardado una imagen: xr4-1.jpg [] []
[2025-02-03T14:10:00.202490+01:00] name.WARNING: Se ha guardado una imagen: xr4-1.jpg [] []
[2025-02-03T14:10:50.303520+01:00] name.WARNING: Se ha guardado una imagen: xr4-1.jpg [] []
[2025-02-03T14:10:58.732978+01:00] name.WARNING: Se ha guardado una imagen: xr4-1.jpg [] []
[2025-02-03T14:11:30.863390+01:00] name.WARNING: Se ha borrado la imagen: xr4-1.jpg [] []
[2025-02-03T14:11:34.655771+01:00] name.WARNING: Se ha borrado la imagen: xr4-1.jpg [] []
[2025-02-03T14:11:58.119383+01:00] name.WARNING: Se ha borrado la imagen: xr4-1.jpg [] []
[2025-02-03T14:12:01.929946+01:00] name.WARNING: Se ha borrado la imagen: xr4-1.jpg [] []
[2025-02-03T14:12:12.495172+01:00] name.WARNING: Se ha guardado una imagen: xr4-1.jpg [] []
[2025-02-03T14:12:40.705522+01:00] name.WARNING: Se ha guardado una imagen: xr4-1.jpg [] []
[2025-02-03T14:13:00.901662+01:00] name.WARNING: Se ha borrado la imagen: xr4-1.jpg [] []
